<?xml version="1.0" encoding="UTF-8"?>
<!-- Generated by org.testng.reporters.JUnitReportReporter -->
<testsuite skipped="0" hostname="DESKTOP-7P748O1" name="com.osa.test.ForumLoginPageTest" tests="1" failures="0" timestamp="2020-01-19T13:01:27 EST" time="5.997" errors="0">
  <testcase name="addressVerify" time="5.997" classname="com.osa.test.ForumLoginPageTest"/>
</testsuite> <!-- com.osa.test.ForumLoginPageTest -->
