<?xml version="1.0" encoding="UTF-8"?>
<!-- Generated by org.testng.reporters.JUnitReportReporter -->
<testsuite skipped="0" hostname="DESKTOP-7P748O1" name="osa.com.utility.Browser" tests="1" failures="0" timestamp="2020-01-19T10:31:55 EST" time="8.327" errors="0">
  <testcase name="rifat" time="8.327" classname="osa.com.utility.Browser"/>
</testsuite> <!-- osa.com.utility.Browser -->
