<?xml version="1.0" encoding="UTF-8"?>
<!-- Generated by org.testng.reporters.JUnitReportReporter -->
<testsuite skipped="0" hostname="DESKTOP-7P748O1" name="osa.com.pages.HomePage" tests="1" failures="0" timestamp="2020-01-19T10:41:16 EST" time="4.517" errors="0">
  <testcase name="home" time="4.517" classname="osa.com.pages.HomePage"/>
</testsuite> <!-- osa.com.pages.HomePage -->
