<?xml version="1.0" encoding="UTF-8"?>
<!-- Generated by org.testng.reporters.JUnitReportReporter -->
<testsuite skipped="0" hostname="DESKTOP-7P748O1" name="com.osa.browse.Browser" tests="2" failures="0" timestamp="2020-01-18T17:12:46 EST" time="13.898" errors="0">
  <testcase name="openBrowser" time="6.016" classname="com.osa.browse.Browser"/>
  <testcase name="rifat" time="7.882" classname="com.osa.browse.Browser"/>
</testsuite> <!-- com.osa.browse.Browser -->
